<?xml version="1.0" encoding="UTF-8"?>
<robot generator="Robot 7.1.1 (Python 3.10.12 on linux)" generated="2024-11-12T19:26:24.838303" rpa="false" schemaversion="5">
<suite id="s1" name="Tests" source="/home/csimona/Documents/TKT/ohjelmistotuotanto/webcounter/src/tests">
<suite id="s1-s1" name="Increment" source="/home/csimona/Documents/TKT/ohjelmistotuotanto/webcounter/src/tests/increment.robot">
<kw name="Open And Configure Browser" owner="resource" type="SETUP">
<if>
<branch type="IF" condition="$BROWSER == 'chrome'">
<kw name="Evaluate" owner="BuiltIn">
<msg time="2024-11-12T19:26:24.916599" level="INFO">${options} = &lt;selenium.webdriver.chrome.options.Options object at 0x7fef1cc11510&gt;</msg>
<var>${options}</var>
<arg>sys.modules['selenium.webdriver'].ChromeOptions()</arg>
<arg>sys</arg>
<doc>Evaluates the given expression in Python and returns the result.</doc>
<status status="PASS" start="2024-11-12T19:26:24.916384" elapsed="0.000243"/>
</kw>
<status status="PASS" start="2024-11-12T19:26:24.914336" elapsed="0.002341"/>
</branch>
<branch type="ELSE IF" condition="$BROWSER == 'firefox'">
<kw name="Evaluate" owner="BuiltIn">
<var>${options}</var>
<arg>sys.modules['selenium.webdriver'].FirefoxOptions()</arg>
<arg>sys</arg>
<doc>Evaluates the given expression in Python and returns the result.</doc>
<status status="NOT RUN" start="2024-11-12T19:26:24.916789" elapsed="0.000034"/>
</kw>
<status status="NOT RUN" start="2024-11-12T19:26:24.916706" elapsed="0.000149"/>
</branch>
<status status="PASS" start="2024-11-12T19:26:24.914318" elapsed="0.002560"/>
</if>
<if>
<branch type="IF" condition="$HEADLESS == 'true'">
<kw name="Set Selenium Speed" owner="SeleniumLibrary">
<arg>0</arg>
<doc>Sets the delay that is waited after each Selenium command.</doc>
<status status="NOT RUN" start="2024-11-12T19:26:24.917038" elapsed="0.000020"/>
</kw>
<kw name="Call Method" owner="BuiltIn">
<arg>${options}</arg>
<arg>add_argument</arg>
<arg>--headless</arg>
<doc>Calls the named method of the given object with the provided arguments.</doc>
<status status="NOT RUN" start="2024-11-12T19:26:24.917136" elapsed="0.000017"/>
</kw>
<status status="NOT RUN" start="2024-11-12T19:26:24.916917" elapsed="0.000267"/>
</branch>
<branch type="ELSE">
<kw name="Set Selenium Speed" owner="SeleniumLibrary">
<arg>${DELAY}</arg>
<doc>Sets the delay that is waited after each Selenium command.</doc>
<status status="PASS" start="2024-11-12T19:26:24.917259" elapsed="0.000164"/>
</kw>
<status status="PASS" start="2024-11-12T19:26:24.917204" elapsed="0.000252"/>
</branch>
<status status="PASS" start="2024-11-12T19:26:24.916907" elapsed="0.000566"/>
</if>
<kw name="Open Browser" owner="SeleniumLibrary">
<msg time="2024-11-12T19:26:24.917708" level="INFO">Opening browser 'chrome' to base url 'None'.</msg>
<arg>browser=${BROWSER}</arg>
<arg>options=${options}</arg>
<doc>Opens a new browser instance to the optional ``url``.</doc>
<status status="PASS" start="2024-11-12T19:26:24.917538" elapsed="0.338539"/>
</kw>
<status status="PASS" start="2024-11-12T19:26:24.914177" elapsed="0.342053"/>
</kw>
<test id="s1-s1-t1" name="At start the counter is zero" line="7">
<kw name="Go To" owner="SeleniumLibrary">
<msg time="2024-11-12T19:26:25.256992" level="INFO">Opening url 'http://localhost:5001'</msg>
<arg>${HOME_URL}</arg>
<doc>Navigates the current browser window to the provided ``url``.</doc>
<status status="PASS" start="2024-11-12T19:26:25.256808" elapsed="0.547050"/>
</kw>
<kw name="Title Should Be" owner="SeleniumLibrary">
<msg time="2024-11-12T19:26:26.320686" level="INFO">Page title is 'Laskuri'.</msg>
<arg>Laskuri</arg>
<doc>Verifies that the current page title equals ``title``.</doc>
<status status="PASS" start="2024-11-12T19:26:25.805382" elapsed="0.515808"/>
</kw>
<kw name="Page Should Contain" owner="SeleniumLibrary">
<msg time="2024-11-12T19:26:27.359543" level="INFO">Current page contains text 'nappia painettu 0 kertaa'.</msg>
<arg>nappia painettu 0 kertaa</arg>
<doc>Verifies that current page contains ``text``.</doc>
<status status="PASS" start="2024-11-12T19:26:26.322128" elapsed="1.037528"/>
</kw>
<status status="PASS" start="2024-11-12T19:26:25.256356" elapsed="2.103515"/>
</test>
<test id="s1-s1-t2" name="When button pressed twice the counter is two" line="12">
<kw name="Go To" owner="SeleniumLibrary">
<msg time="2024-11-12T19:26:27.360419" level="INFO">Opening url 'http://localhost:5001'</msg>
<arg>${HOME_URL}</arg>
<doc>Navigates the current browser window to the provided ``url``.</doc>
<status status="PASS" start="2024-11-12T19:26:27.360282" elapsed="0.514186"/>
</kw>
<kw name="Click Button" owner="SeleniumLibrary">
<msg time="2024-11-12T19:26:27.876693" level="INFO">Clicking button 'Paina'.</msg>
<arg>Paina</arg>
<doc>Clicks the button identified by ``locator``.</doc>
<status status="PASS" start="2024-11-12T19:26:27.875566" elapsed="1.605196"/>
</kw>
<kw name="Click Button" owner="SeleniumLibrary">
<msg time="2024-11-12T19:26:29.483020" level="INFO">Clicking button 'Paina'.</msg>
<arg>Paina</arg>
<doc>Clicks the button identified by ``locator``.</doc>
<status status="PASS" start="2024-11-12T19:26:29.482112" elapsed="1.601199"/>
</kw>
<kw name="Page Should Contain" owner="SeleniumLibrary">
<msg time="2024-11-12T19:26:32.119273" level="INFO">Current page contains text 'nappia painettu 2 kertaa'.</msg>
<arg>nappia painettu 2 kertaa</arg>
<doc>Verifies that current page contains ``text``.</doc>
<status status="PASS" start="2024-11-12T19:26:31.084572" elapsed="1.035282"/>
</kw>
<status status="PASS" start="2024-11-12T19:26:27.360041" elapsed="4.760950"/>
</test>
<test id="s1-s1-t3" name="Increment Counter By" line="18">
<kw name="Go To" owner="SeleniumLibrary">
<msg time="2024-11-12T19:26:32.123801" level="INFO">Opening url 'http://localhost:5001'</msg>
<arg>${HOME_URL}</arg>
<doc>Navigates the current browser window to the provided ``url``.</doc>
<status status="PASS" start="2024-11-12T19:26:32.123380" elapsed="0.528287"/>
</kw>
<kw name="Click Button" owner="SeleniumLibrary">
<msg time="2024-11-12T19:26:32.653896" level="INFO">Clicking button 'Nollaa'.</msg>
<arg>Nollaa</arg>
<doc>Clicks the button identified by ``locator``.</doc>
<status status="PASS" start="2024-11-12T19:26:32.653011" elapsed="1.602520"/>
</kw>
<kw name="Input Text" owner="SeleniumLibrary">
<msg time="2024-11-12T19:26:34.258235" level="INFO">Typing text '10' into text field 'value'.</msg>
<arg>value</arg>
<arg>10</arg>
<doc>Types the given ``text`` into the text field identified by ``locator``.</doc>
<status status="PASS" start="2024-11-12T19:26:34.257241" elapsed="1.643724"/>
</kw>
<kw name="Click Button" owner="SeleniumLibrary">
<msg time="2024-11-12T19:26:35.903092" level="INFO">Clicking button 'Aseta'.</msg>
<arg>Aseta</arg>
<doc>Clicks the button identified by ``locator``.</doc>
<status status="PASS" start="2024-11-12T19:26:35.902268" elapsed="1.596751"/>
</kw>
<kw name="Page Should Contain" owner="SeleniumLibrary">
<msg time="2024-11-12T19:26:38.523440" level="INFO">Current page contains text 'nappia painettu 10 kertaa'.</msg>
<arg>nappia painettu 10 kertaa</arg>
<doc>Verifies that current page contains ``text``.</doc>
<status status="PASS" start="2024-11-12T19:26:37.499698" elapsed="1.023898"/>
</kw>
<status status="PASS" start="2024-11-12T19:26:32.122135" elapsed="6.401734"/>
</test>
<kw name="Close Browser" owner="SeleniumLibrary" type="TEARDOWN">
<doc>Closes the current browser.</doc>
<status status="PASS" start="2024-11-12T19:26:38.524445" elapsed="0.561455"/>
</kw>
<status status="PASS" start="2024-11-12T19:26:24.849095" elapsed="14.237042"/>
</suite>
<suite id="s1-s2" name="Reset" source="/home/csimona/Documents/TKT/ohjelmistotuotanto/webcounter/src/tests/reset.robot">
<kw name="Open And Configure Browser" owner="resource" type="SETUP">
<if>
<branch type="IF" condition="$BROWSER == 'chrome'">
<kw name="Evaluate" owner="BuiltIn">
<msg time="2024-11-12T19:26:39.093006" level="INFO">${options} = &lt;selenium.webdriver.chrome.options.Options object at 0x7fef1caa9ff0&gt;</msg>
<var>${options}</var>
<arg>sys.modules['selenium.webdriver'].ChromeOptions()</arg>
<arg>sys</arg>
<doc>Evaluates the given expression in Python and returns the result.</doc>
<status status="PASS" start="2024-11-12T19:26:39.092811" elapsed="0.000216"/>
</kw>
<status status="PASS" start="2024-11-12T19:26:39.092642" elapsed="0.000465"/>
</branch>
<branch type="ELSE IF" condition="$BROWSER == 'firefox'">
<kw name="Evaluate" owner="BuiltIn">
<var>${options}</var>
<arg>sys.modules['selenium.webdriver'].FirefoxOptions()</arg>
<arg>sys</arg>
<doc>Evaluates the given expression in Python and returns the result.</doc>
<status status="NOT RUN" start="2024-11-12T19:26:39.093227" elapsed="0.000025"/>
</kw>
<status status="NOT RUN" start="2024-11-12T19:26:39.093149" elapsed="0.000136"/>
</branch>
<status status="PASS" start="2024-11-12T19:26:39.092628" elapsed="0.000681"/>
</if>
<if>
<branch type="IF" condition="$HEADLESS == 'true'">
<kw name="Set Selenium Speed" owner="SeleniumLibrary">
<arg>0</arg>
<doc>Sets the delay that is waited after each Selenium command.</doc>
<status status="NOT RUN" start="2024-11-12T19:26:39.093480" elapsed="0.000019"/>
</kw>
<kw name="Call Method" owner="BuiltIn">
<arg>${options}</arg>
<arg>add_argument</arg>
<arg>--headless</arg>
<doc>Calls the named method of the given object with the provided arguments.</doc>
<status status="NOT RUN" start="2024-11-12T19:26:39.093559" elapsed="0.000016"/>
</kw>
<status status="NOT RUN" start="2024-11-12T19:26:39.093345" elapsed="0.000256"/>
</branch>
<branch type="ELSE">
<kw name="Set Selenium Speed" owner="SeleniumLibrary">
<arg>${DELAY}</arg>
<doc>Sets the delay that is waited after each Selenium command.</doc>
<status status="PASS" start="2024-11-12T19:26:39.093673" elapsed="0.000156"/>
</kw>
<status status="PASS" start="2024-11-12T19:26:39.093621" elapsed="0.000243"/>
</branch>
<status status="PASS" start="2024-11-12T19:26:39.093335" elapsed="0.000550"/>
</if>
<kw name="Open Browser" owner="SeleniumLibrary">
<msg time="2024-11-12T19:26:39.094107" level="INFO">Opening browser 'chrome' to base url 'None'.</msg>
<arg>browser=${BROWSER}</arg>
<arg>options=${options}</arg>
<doc>Opens a new browser instance to the optional ``url``.</doc>
<status status="PASS" start="2024-11-12T19:26:39.093951" elapsed="0.368759"/>
</kw>
<status status="PASS" start="2024-11-12T19:26:39.092434" elapsed="0.370410"/>
</kw>
<test id="s1-s2-t1" name="When counter has a nonzero value and it is reset the value becomes zero" line="7">
<kw name="Go To" owner="SeleniumLibrary">
<msg time="2024-11-12T19:26:39.463541" level="INFO">Opening url 'http://localhost:5001'</msg>
<arg>${HOME_URL}</arg>
<doc>Navigates the current browser window to the provided ``url``.</doc>
<status status="PASS" start="2024-11-12T19:26:39.463360" elapsed="0.541272"/>
</kw>
<kw name="Click Button" owner="SeleniumLibrary">
<msg time="2024-11-12T19:26:40.006219" level="INFO">Clicking button 'Nollaa'.</msg>
<arg>Nollaa</arg>
<doc>Clicks the button identified by ``locator``.</doc>
<status status="PASS" start="2024-11-12T19:26:40.005539" elapsed="1.586707"/>
</kw>
<kw name="Page Should Contain" owner="SeleniumLibrary">
<msg time="2024-11-12T19:26:42.622850" level="INFO">Current page contains text 'nappia painettu 0 kertaa'.</msg>
<arg>nappia painettu 0 kertaa</arg>
<doc>Verifies that current page contains ``text``.</doc>
<status status="PASS" start="2024-11-12T19:26:41.593490" elapsed="1.029523"/>
</kw>
<status status="PASS" start="2024-11-12T19:26:39.462926" elapsed="3.160377"/>
</test>
<kw name="Close Browser" owner="SeleniumLibrary" type="TEARDOWN">
<doc>Closes the current browser.</doc>
<status status="PASS" start="2024-11-12T19:26:42.623766" elapsed="0.559763"/>
</kw>
<status status="PASS" start="2024-11-12T19:26:39.088084" elapsed="4.095731"/>
</suite>
<status status="PASS" start="2024-11-12T19:26:24.838938" elapsed="18.346636"/>
</suite>
<statistics>
<total>
<stat pass="4" fail="0" skip="0">All Tests</stat>
</total>
<tag>
</tag>
<suite>
<stat pass="4" fail="0" skip="0" id="s1" name="Tests">Tests</stat>
<stat pass="3" fail="0" skip="0" id="s1-s1" name="Increment">Tests.Increment</stat>
<stat pass="1" fail="0" skip="0" id="s1-s2" name="Reset">Tests.Reset</stat>
</suite>
</statistics>
<errors>
</errors>
</robot>
